[2025-05-15T10:40:51.091+0000] {taskinstance.py:1087} INFO - Dependencies all met for <TaskInstance: sales_ingestion.load_csv_to_postgres manual__2025-05-15T10:40:50.027291+00:00 [queued]>
[2025-05-15T10:40:51.097+0000] {taskinstance.py:1087} INFO - Dependencies all met for <TaskInstance: sales_ingestion.load_csv_to_postgres manual__2025-05-15T10:40:50.027291+00:00 [queued]>
[2025-05-15T10:40:51.097+0000] {taskinstance.py:1283} INFO - 
--------------------------------------------------------------------------------
[2025-05-15T10:40:51.097+0000] {taskinstance.py:1284} INFO - Starting attempt 1 of 1
[2025-05-15T10:40:51.098+0000] {taskinstance.py:1285} INFO - 
--------------------------------------------------------------------------------
[2025-05-15T10:40:51.108+0000] {taskinstance.py:1304} INFO - Executing <Task(PythonOperator): load_csv_to_postgres> on 2025-05-15 10:40:50.027291+00:00
[2025-05-15T10:40:51.112+0000] {standard_task_runner.py:55} INFO - Started process 225 to run task
[2025-05-15T10:40:51.114+0000] {standard_task_runner.py:82} INFO - Running: ['***', 'tasks', 'run', 'sales_ingestion', 'load_csv_to_postgres', 'manual__2025-05-15T10:40:50.027291+00:00', '--job-id', '42', '--raw', '--subdir', 'DAGS_FOLDER/upload_csv_to_postgres.py', '--cfg-path', '/tmp/tmpiq6htwr_']
[2025-05-15T10:40:51.115+0000] {standard_task_runner.py:83} INFO - Job 42: Subtask load_csv_to_postgres
[2025-05-15T10:40:51.156+0000] {task_command.py:389} INFO - Running <TaskInstance: sales_ingestion.load_csv_to_postgres manual__2025-05-15T10:40:50.027291+00:00 [running]> on host 2e82bc4eda91
[2025-05-15T10:40:51.312+0000] {taskinstance.py:1513} INFO - Exporting the following env vars:
AIRFLOW_CTX_DAG_OWNER=***
AIRFLOW_CTX_DAG_ID=sales_ingestion
AIRFLOW_CTX_TASK_ID=load_csv_to_postgres
AIRFLOW_CTX_EXECUTION_DATE=2025-05-15T10:40:50.027291+00:00
AIRFLOW_CTX_TRY_NUMBER=1
AIRFLOW_CTX_DAG_RUN_ID=manual__2025-05-15T10:40:50.027291+00:00
[2025-05-15T10:41:02.496+0000] {python.py:177} INFO - Done. Returned value was: None
[2025-05-15T10:41:02.504+0000] {taskinstance.py:1327} INFO - Marking task as SUCCESS. dag_id=sales_ingestion, task_id=load_csv_to_postgres, execution_date=20250515T104050, start_date=20250515T104051, end_date=20250515T104102
[2025-05-15T10:41:02.533+0000] {local_task_job.py:159} INFO - Task exited with return code 0
[2025-05-15T10:41:02.552+0000] {taskinstance.py:2582} INFO - 1 downstream tasks scheduled from follow-on schedule check
