[0m14:51:02.938823 [debug] [MainThread]: Sending event: {'category': 'dbt', 'action': 'invocation', 'label': 'start', 'context': [<snowplow_tracker.self_describing_json.SelfDescribingJson object at 0x000001BAE1446900>, <snowplow_tracker.self_describing_json.SelfDescribingJson object at 0x000001BADF402850>, <snowplow_tracker.self_describing_json.SelfDescribingJson object at 0x000001BAE20C5D10>]}


============================== 14:51:02.942625 | b0406d28-3279-4f35-bfdc-52a76322e9cc ==============================
[0m14:51:02.942625 [info ] [MainThread]: Running with dbt=1.9.4
[0m14:51:02.943297 [debug] [MainThread]: running dbt with arguments {'printer_width': '80', 'indirect_selection': 'eager', 'log_cache_events': 'False', 'write_json': 'True', 'partial_parse': 'True', 'cache_selected_only': 'False', 'profiles_dir': 'C:\\Users\\bross\\.dbt', 'version_check': 'True', 'fail_fast': 'False', 'log_path': 'logs', 'warn_error': 'None', 'debug': 'False', 'use_colors': 'True', 'use_experimental_parser': 'False', 'empty': 'None', 'quiet': 'False', 'no_print': 'None', 'warn_error_options': 'WarnErrorOptions(include=[], exclude=[])', 'introspect': 'True', 'log_format': 'default', 'static_parser': 'True', 'target_path': 'None', 'invocation_command': 'dbt init dbt_project', 'send_anonymous_usage_stats': 'True'}
[0m14:51:02.952457 [warn ] [MainThread]: [ConfigFolderDirectory]: Unable to parse logging event dictionary. Failed to parse dir field: expected string or bytes-like object, got 'WindowsPath'.. Dictionary: {'dir': WindowsPath('C:/Users/bross/.dbt')}
[0m14:51:02.952738 [info ] [MainThread]: Creating dbt configuration folder at 
[0m14:51:02.953904 [debug] [MainThread]: Starter project path: C:\Users\bross\AppData\Local\Programs\Python\Python313\Lib\site-packages\dbt\include\starter_project
[0m14:51:02.966659 [info ] [MainThread]: 
Your new dbt project "dbt_project" was created!

For more information on how to configure the profiles.yml file,
please consult the dbt documentation here:

  https://docs.getdbt.com/docs/configure-your-profile

One more thing:

Need help? Don't hesitate to reach out to us via GitHub issues or on Slack:

  https://community.getdbt.com/

Happy modeling!

[0m14:51:02.967087 [info ] [MainThread]: Setting up your profile.
[0m14:53:26.291386 [info ] [MainThread]: Profile dbt_project written to C:\Users\bross\.dbt\profiles.yml using target's profile_template.yml and your supplied values. Run 'dbt debug' to validate the connection.
[0m14:53:26.292494 [debug] [MainThread]: Command `dbt init` succeeded at 14:53:26.292325 after 143.42 seconds
[0m14:53:26.292839 [debug] [MainThread]: Sending event: {'category': 'dbt', 'action': 'invocation', 'label': 'end', 'context': [<snowplow_tracker.self_describing_json.SelfDescribingJson object at 0x000001BAE37F5F30>, <snowplow_tracker.self_describing_json.SelfDescribingJson object at 0x000001BAE267FBF0>, <snowplow_tracker.self_describing_json.SelfDescribingJson object at 0x000001BAE2427F00>]}
[0m14:53:26.293170 [debug] [MainThread]: Flushing usage events
[0m14:53:26.689326 [debug] [MainThread]: An error was encountered while trying to flush usage events
[0m14:53:40.843898 [debug] [MainThread]: Sending event: {'category': 'dbt', 'action': 'invocation', 'label': 'start', 'context': [<snowplow_tracker.self_describing_json.SelfDescribingJson object at 0x000002856C74A3C0>, <snowplow_tracker.self_describing_json.SelfDescribingJson object at 0x000002856A71E850>, <snowplow_tracker.self_describing_json.SelfDescribingJson object at 0x000002856D3FDA90>]}


============================== 14:53:40.847389 | 79aa4c71-35e5-4960-b5b5-51865dcb5d24 ==============================
[0m14:53:40.847389 [info ] [MainThread]: Running with dbt=1.9.4
[0m14:53:40.848007 [debug] [MainThread]: running dbt with arguments {'printer_width': '80', 'indirect_selection': 'eager', 'write_json': 'True', 'log_cache_events': 'False', 'partial_parse': 'True', 'cache_selected_only': 'False', 'profiles_dir': 'C:\\Users\\bross\\.dbt', 'fail_fast': 'False', 'version_check': 'True', 'log_path': 'logs', 'debug': 'False', 'warn_error': 'None', 'use_colors': 'True', 'use_experimental_parser': 'False', 'empty': 'None', 'quiet': 'False', 'no_print': 'None', 'warn_error_options': 'WarnErrorOptions(include=[], exclude=[])', 'static_parser': 'True', 'invocation_command': 'dbt debug', 'introspect': 'True', 'target_path': 'None', 'log_format': 'default', 'send_anonymous_usage_stats': 'True'}
[0m14:53:40.858221 [info ] [MainThread]: dbt version: 1.9.4
[0m14:53:40.858543 [info ] [MainThread]: python version: 3.13.3
[0m14:53:40.858757 [info ] [MainThread]: python path: C:\Users\bross\AppData\Local\Programs\Python\Python313\python.exe
[0m14:53:40.858936 [info ] [MainThread]: os info: Windows-11-10.0.26100-SP0
[0m14:53:40.891943 [info ] [MainThread]: Using profiles dir at C:\Users\bross\.dbt
[0m14:53:40.892315 [info ] [MainThread]: Using profiles.yml file at C:\Users\bross\.dbt\profiles.yml
[0m14:53:40.892536 [info ] [MainThread]: Using dbt_project.yml file at C:\Users\bross\Documents\GitHub\codespace-dataops\dbt\dbt_project.yml
[0m14:53:40.893201 [info ] [MainThread]: adapter type: postgres
[0m14:53:40.893437 [info ] [MainThread]: adapter version: 1.9.0
[0m14:53:40.893660 [info ] [MainThread]: Configuration:
[0m14:53:40.893823 [info ] [MainThread]:   profiles.yml file [[32mOK found and valid[0m]
[0m14:53:40.893978 [info ] [MainThread]:   dbt_project.yml file [[31mERROR not found[0m]
[0m14:53:40.894126 [info ] [MainThread]: Required dependencies:
[0m14:53:40.894286 [debug] [MainThread]: Executing "git --help"
[0m14:53:40.913579 [debug] [MainThread]: STDOUT: "b"usage: git [-v | --version] [-h | --help] [-C <path>] [-c <name>=<value>]\n           [--exec-path[=<path>]] [--html-path] [--man-path] [--info-path]\n           [-p | --paginate | -P | --no-pager] [--no-replace-objects] [--no-lazy-fetch]\n           [--no-optional-locks] [--no-advice] [--bare] [--git-dir=<path>]\n           [--work-tree=<path>] [--namespace=<name>] [--config-env=<name>=<envvar>]\n           <command> [<args>]\n\nThese are common Git commands used in various situations:\n\nstart a working area (see also: git help tutorial)\n   clone      Clone a repository into a new directory\n   init       Create an empty Git repository or reinitialize an existing one\n\nwork on the current change (see also: git help everyday)\n   add        Add file contents to the index\n   mv         Move or rename a file, a directory, or a symlink\n   restore    Restore working tree files\n   rm         Remove files from the working tree and from the index\n\nexamine the history and state (see also: git help revisions)\n   bisect     Use binary search to find the commit that introduced a bug\n   diff       Show changes between commits, commit and working tree, etc\n   grep       Print lines matching a pattern\n   log        Show commit logs\n   show       Show various types of objects\n   status     Show the working tree status\n\ngrow, mark and tweak your common history\n   backfill   Download missing objects in a partial clone\n   branch     List, create, or delete branches\n   commit     Record changes to the repository\n   merge      Join two or more development histories together\n   rebase     Reapply commits on top of another base tip\n   reset      Reset current HEAD to the specified state\n   switch     Switch branches\n   tag        Create, list, delete or verify a tag object signed with GPG\n\ncollaborate (see also: git help workflows)\n   fetch      Download objects and refs from another repository\n   pull       Fetch from and integrate with another repository or a local branch\n   push       Update remote refs along with associated objects\n\n'git help -a' and 'git help -g' list available subcommands and some\nconcept guides. See 'git help <command>' or 'git help <concept>'\nto read about a specific subcommand or concept.\nSee 'git help git' for an overview of the system.\n""
[0m14:53:40.913851 [debug] [MainThread]: STDERR: "b''"
[0m14:53:40.914056 [info ] [MainThread]:  - git [[32mOK found[0m]

[0m14:53:40.914321 [info ] [MainThread]: Connection:
[0m14:53:40.914620 [info ] [MainThread]:   host: postgres
[0m14:53:40.914826 [info ] [MainThread]:   port: 5432
[0m14:53:40.915003 [info ] [MainThread]:   user: airflow
[0m14:53:40.915199 [info ] [MainThread]:   database: airflow_db
[0m14:53:40.915404 [info ] [MainThread]:   schema: public
[0m14:53:40.915574 [info ] [MainThread]:   connect_timeout: 10
[0m14:53:40.915734 [info ] [MainThread]:   role: None
[0m14:53:40.915882 [info ] [MainThread]:   search_path: None
[0m14:53:40.916026 [info ] [MainThread]:   keepalives_idle: 0
[0m14:53:40.916167 [info ] [MainThread]:   sslmode: None
[0m14:53:40.916309 [info ] [MainThread]:   sslcert: None
[0m14:53:40.916608 [info ] [MainThread]:   sslkey: None
[0m14:53:40.917019 [info ] [MainThread]:   sslrootcert: None
[0m14:53:40.917246 [info ] [MainThread]:   application_name: dbt
[0m14:53:40.917470 [info ] [MainThread]:   retries: 1
[0m14:53:40.917836 [info ] [MainThread]: Registered adapter: postgres=1.9.0
[0m14:53:41.014940 [debug] [MainThread]: Acquiring new postgres connection 'debug'
[0m14:53:42.262987 [debug] [MainThread]: Using postgres connection "debug"
[0m14:53:42.263224 [debug] [MainThread]: On debug: select 1 as id
[0m14:53:42.263372 [debug] [MainThread]: Opening a new connection, currently in state init
[0m14:53:44.971449 [debug] [MainThread]: Postgres adapter: Got a retryable error when attempting to open a postgres connection.
1 attempts remaining. Retrying in 0 seconds.
Error:
could not translate host name "postgres" to address: Name or service not known

[0m14:53:47.674089 [debug] [MainThread]: Postgres adapter: Error running SQL: select 1 as id
[0m14:53:47.674374 [debug] [MainThread]: Postgres adapter: Rolling back transaction.
[0m14:53:47.674575 [debug] [MainThread]: On debug: No close available on handle
[0m14:53:47.674759 [info ] [MainThread]:   Connection test: [[31mERROR[0m]

[0m14:53:47.675199 [info ] [MainThread]: [31m2 checks failed:[0m
[0m14:53:47.675530 [info ] [MainThread]: Project loading failed for the following reason:
 project path <C:\Users\bross\Documents\GitHub\codespace-dataops\dbt\dbt_project.yml> not found

[0m14:53:47.675827 [info ] [MainThread]: dbt was unable to connect to the specified database.
The database returned the following error:

  >Database Error
  could not translate host name "postgres" to address: Name or service not known
  

Check your database credentials and try again. For more information, visit:
https://docs.getdbt.com/docs/configure-your-profile


[0m14:53:47.676396 [debug] [MainThread]: Command `dbt debug` failed at 14:53:47.676305 after 6.97 seconds
[0m14:53:47.676595 [debug] [MainThread]: Connection 'debug' was properly closed.
[0m14:53:47.676769 [debug] [MainThread]: Sending event: {'category': 'dbt', 'action': 'invocation', 'label': 'end', 'context': [<snowplow_tracker.self_describing_json.SelfDescribingJson object at 0x000002856EE14E90>, <snowplow_tracker.self_describing_json.SelfDescribingJson object at 0x000002856EB16B10>, <snowplow_tracker.self_describing_json.SelfDescribingJson object at 0x000002856D933AC0>]}
[0m14:53:47.676984 [debug] [MainThread]: Flushing usage events
[0m14:53:48.045938 [debug] [MainThread]: An error was encountered while trying to flush usage events
