[2025-05-15T10:59:33.658+0000] {taskinstance.py:1087} INFO - Dependencies all met for <TaskInstance: sales_ingestion.load_csv_to_postgres manual__2025-05-15T10:59:33.187310+00:00 [queued]>
[2025-05-15T10:59:33.665+0000] {taskinstance.py:1087} INFO - Dependencies all met for <TaskInstance: sales_ingestion.load_csv_to_postgres manual__2025-05-15T10:59:33.187310+00:00 [queued]>
[2025-05-15T10:59:33.665+0000] {taskinstance.py:1283} INFO - 
--------------------------------------------------------------------------------
[2025-05-15T10:59:33.666+0000] {taskinstance.py:1284} INFO - Starting attempt 1 of 1
[2025-05-15T10:59:33.666+0000] {taskinstance.py:1285} INFO - 
--------------------------------------------------------------------------------
[2025-05-15T10:59:33.675+0000] {taskinstance.py:1304} INFO - Executing <Task(PythonOperator): load_csv_to_postgres> on 2025-05-15 10:59:33.187310+00:00
[2025-05-15T10:59:33.679+0000] {standard_task_runner.py:55} INFO - Started process 194 to run task
[2025-05-15T10:59:33.681+0000] {standard_task_runner.py:82} INFO - Running: ['***', 'tasks', 'run', 'sales_ingestion', 'load_csv_to_postgres', 'manual__2025-05-15T10:59:33.187310+00:00', '--job-id', '54', '--raw', '--subdir', 'DAGS_FOLDER/upload_csv_to_postgres.py', '--cfg-path', '/tmp/tmp5chiq4j0']
[2025-05-15T10:59:33.682+0000] {standard_task_runner.py:83} INFO - Job 54: Subtask load_csv_to_postgres
[2025-05-15T10:59:33.723+0000] {task_command.py:389} INFO - Running <TaskInstance: sales_ingestion.load_csv_to_postgres manual__2025-05-15T10:59:33.187310+00:00 [running]> on host a4658e82a8dd
[2025-05-15T10:59:33.875+0000] {taskinstance.py:1513} INFO - Exporting the following env vars:
AIRFLOW_CTX_DAG_OWNER=***
AIRFLOW_CTX_DAG_ID=sales_ingestion
AIRFLOW_CTX_TASK_ID=load_csv_to_postgres
AIRFLOW_CTX_EXECUTION_DATE=2025-05-15T10:59:33.187310+00:00
AIRFLOW_CTX_TRY_NUMBER=1
AIRFLOW_CTX_DAG_RUN_ID=manual__2025-05-15T10:59:33.187310+00:00
[2025-05-15T10:59:44.765+0000] {python.py:177} INFO - Done. Returned value was: None
[2025-05-15T10:59:44.771+0000] {taskinstance.py:1327} INFO - Marking task as SUCCESS. dag_id=sales_ingestion, task_id=load_csv_to_postgres, execution_date=20250515T105933, start_date=20250515T105933, end_date=20250515T105944
[2025-05-15T10:59:44.820+0000] {local_task_job.py:159} INFO - Task exited with return code 0
[2025-05-15T10:59:44.838+0000] {taskinstance.py:2582} INFO - 1 downstream tasks scheduled from follow-on schedule check
