[2025-05-15T13:25:17.399+0000] {taskinstance.py:1087} INFO - Dependencies all met for <TaskInstance: sales_ingestion.convert_xlsx_to_csv manual__2025-05-15T13:25:16.342201+00:00 [queued]>
[2025-05-15T13:25:17.405+0000] {taskinstance.py:1087} INFO - Dependencies all met for <TaskInstance: sales_ingestion.convert_xlsx_to_csv manual__2025-05-15T13:25:16.342201+00:00 [queued]>
[2025-05-15T13:25:17.405+0000] {taskinstance.py:1283} INFO - 
--------------------------------------------------------------------------------
[2025-05-15T13:25:17.405+0000] {taskinstance.py:1284} INFO - Starting attempt 1 of 1
[2025-05-15T13:25:17.405+0000] {taskinstance.py:1285} INFO - 
--------------------------------------------------------------------------------
[2025-05-15T13:25:17.416+0000] {taskinstance.py:1304} INFO - Executing <Task(PythonOperator): convert_xlsx_to_csv> on 2025-05-15 13:25:16.342201+00:00
[2025-05-15T13:25:17.419+0000] {standard_task_runner.py:55} INFO - Started process 206 to run task
[2025-05-15T13:25:17.421+0000] {standard_task_runner.py:82} INFO - Running: ['***', 'tasks', 'run', 'sales_ingestion', 'convert_xlsx_to_csv', 'manual__2025-05-15T13:25:16.342201+00:00', '--job-id', '2', '--raw', '--subdir', 'DAGS_FOLDER/upload_csv_to_postgres.py', '--cfg-path', '/tmp/tmpa34hi884']
[2025-05-15T13:25:17.422+0000] {standard_task_runner.py:83} INFO - Job 2: Subtask convert_xlsx_to_csv
[2025-05-15T13:25:17.466+0000] {task_command.py:389} INFO - Running <TaskInstance: sales_ingestion.convert_xlsx_to_csv manual__2025-05-15T13:25:16.342201+00:00 [running]> on host 468228cdb93b
[2025-05-15T13:25:17.615+0000] {taskinstance.py:1513} INFO - Exporting the following env vars:
AIRFLOW_CTX_DAG_OWNER=***
AIRFLOW_CTX_DAG_ID=sales_ingestion
AIRFLOW_CTX_TASK_ID=convert_xlsx_to_csv
AIRFLOW_CTX_EXECUTION_DATE=2025-05-15T13:25:16.342201+00:00
AIRFLOW_CTX_TRY_NUMBER=1
AIRFLOW_CTX_DAG_RUN_ID=manual__2025-05-15T13:25:16.342201+00:00
[2025-05-15T13:25:55.439+0000] {logging_mixin.py:137} INFO - Conversion terminée : /data/csv/sales.csv
[2025-05-15T13:25:55.451+0000] {python.py:177} INFO - Done. Returned value was: None
[2025-05-15T13:25:55.457+0000] {taskinstance.py:1327} INFO - Marking task as SUCCESS. dag_id=sales_ingestion, task_id=convert_xlsx_to_csv, execution_date=20250515T132516, start_date=20250515T132517, end_date=20250515T132555
[2025-05-15T13:25:55.475+0000] {local_task_job.py:159} INFO - Task exited with return code 0
[2025-05-15T13:25:55.494+0000] {taskinstance.py:2582} INFO - 1 downstream tasks scheduled from follow-on schedule check
